<?xml version="1.0" encoding="UTF-8"?>
<!-- Generated by org.testng.reporters.JUnitReportReporter -->
<testsuite hostname="ArundhatiSude" failures="0" tests="2" name="ParallelTesting.Demo" time="10.691" errors="0" timestamp="2023-07-15T05:35:42 IST" skipped="0">
  <testcase classname="ParallelTesting.Demo" name="setup1" time="2.758"/>
  <testcase classname="ParallelTesting.Demo" name="setup" time="7.933"/>
</testsuite> <!-- ParallelTesting.Demo -->
