<?xml version="1.0" encoding="UTF-8"?>
<!-- Generated by org.testng.reporters.JUnitReportReporter -->
<testsuite hostname="ArundhatiSude" failures="0" tests="1" name="TestingFeatures.day2" time="0.010" errors="0" timestamp="2023-07-11T13:54:43 IST" skipped="0">
  <testcase classname="TestingFeatures.day2" name="Test1" time="0.010"/>
</testsuite> <!-- TestingFeatures.day2 -->
