<?xml version="1.0" encoding="UTF-8"?>
<!-- Generated by org.testng.reporters.JUnitReportReporter -->
<testsuite hostname="ArundhatiSude" failures="0" tests="3" name="TestingFeatures.Demo" time="67.614" errors="0" timestamp="2023-07-07T17:05:05 IST" skipped="0">
  <testcase classname="TestingFeatures.Demo" name="A" time="32.069"/>
  <testcase classname="TestingFeatures.Demo" name="B" time="19.949"/>
  <testcase classname="TestingFeatures.Demo" name="C" time="15.596"/>
</testsuite> <!-- TestingFeatures.Demo -->
