<?xml version="1.0" encoding="UTF-8"?>
<!-- Generated by org.testng.reporters.JUnitReportReporter -->
<testsuite hostname="ArundhatiSude" failures="0" tests="1" name="POM.Book_Base_Byjus" time="3.640" errors="0" timestamp="2023-07-18T17:16:13 IST" skipped="0">
  <testcase classname="POM.Book_Base_Byjus" name="Setup" time="3.640"/>
</testsuite> <!-- POM.Book_Base_Byjus -->
