<?xml version="1.0" encoding="UTF-8"?>
<!-- Generated by org.testng.reporters.JUnitReportReporter -->
<testsuite hostname="ArundhatiSude" failures="0" tests="1" name="Assertions.SoftAssertion1" time="0.019" errors="0" timestamp="2023-07-14T03:14:48 IST" skipped="0">
  <testcase classname="Assertions.SoftAssertion1" name="DemoTest" time="0.019"/>
</testsuite> <!-- Assertions.SoftAssertion1 -->
