<?xml version="1.0" encoding="UTF-8"?>
<!-- Generated by org.testng.reporters.JUnitReportReporter -->
<testsuite hostname="ArundhatiSude" failures="0" tests="1" name="Project.ByjusAssignment" time="19.830" errors="0" timestamp="2023-07-11T17:32:35 IST" skipped="0">
  <testcase classname="Project.ByjusAssignment" name="login" time="19.830"/>
</testsuite> <!-- Project.ByjusAssignment -->
