<?xml version="1.0" encoding="UTF-8"?>
<!-- Generated by org.testng.reporters.JUnitReportReporter -->
<testsuite hostname="ArundhatiSude" failures="0" tests="2" name="TestngFeatures.Day3" time="0.019" errors="0" timestamp="2023-07-18T14:24:15 IST" skipped="0">
  <testcase classname="TestngFeatures.Day3" name="Test1" time="0.015"/>
  <testcase classname="TestngFeatures.Day3" name="Test4" time="0.004"/>
</testsuite> <!-- TestngFeatures.Day3 -->
