<?xml version="1.0" encoding="UTF-8"?>
<!-- Generated by org.testng.reporters.JUnitReportReporter -->
<testsuite hostname="ArundhatiSude" failures="0" tests="1" name="BYJUSAss.ByjusASS2" time="51.797" errors="0" timestamp="2023-07-14T17:07:44 IST" skipped="0">
  <testcase classname="BYJUSAss.ByjusASS2" name="Byjus" time="51.797"/>
</testsuite> <!-- BYJUSAss.ByjusASS2 -->
