<?xml version="1.0" encoding="UTF-8"?>
<!-- Generated by org.testng.reporters.JUnitReportReporter -->
<testsuite hostname="ArundhatiSude" failures="0" tests="3" name="TestingFeatures.EnabledxmlFile" time="0.008" errors="0" timestamp="2023-07-11T13:48:36 IST" skipped="2">
  <testcase classname="TestingFeatures.EnabledxmlFile" name="Test2" time="0.008"/>
  <testcase classname="TestingFeatures.EnabledxmlFile" name="Test1">
    <skipped/>
  </testcase> <!-- Test1 -->
  <testcase classname="TestingFeatures.EnabledxmlFile" name="A">
    <skipped/>
  </testcase> <!-- A -->
</testsuite> <!-- TestingFeatures.EnabledxmlFile -->
