<?xml version="1.0" encoding="UTF-8"?>
<!-- Generated by org.testng.reporters.JUnitReportReporter -->
<testsuite hostname="ArundhatiSude" failures="0" tests="2" name="TestingFeatures.day1" time="0.019" errors="0" timestamp="2023-07-07T10:47:58 IST" skipped="0">
  <testcase classname="TestingFeatures.day1" name="Test5" time="0.002"/>
  <testcase classname="TestingFeatures.day1" name="Test1" time="0.017"/>
</testsuite> <!-- TestingFeatures.day1 -->
