<?xml version="1.0" encoding="UTF-8"?>
<!-- Generated by org.testng.reporters.JUnitReportReporter -->
<testsuite hostname="ArundhatiSude" failures="0" tests="2" name="TestingFeatures.day3" time="0.030" errors="0" timestamp="2023-07-07T10:47:27 IST" skipped="0">
  <testcase classname="TestingFeatures.day3" name="Test4" time="0.012"/>
  <testcase classname="TestingFeatures.day3" name="Test1" time="0.018"/>
</testsuite> <!-- TestingFeatures.day3 -->
