<?xml version="1.0" encoding="UTF-8"?>
<!-- Generated by org.testng.reporters.JUnitReportReporter -->
<testsuite hostname="ArundhatiSude" failures="0" tests="4" name="TestNgFeatures1.Priority2" time="1.404" errors="0" timestamp="2023-07-23T14:02:26 IST" skipped="0">
  <testcase classname="TestNgFeatures1.Priority2" name="D" time="1.212"/>
  <testcase classname="TestNgFeatures1.Priority2" name="B" time="0.051"/>
  <testcase classname="TestNgFeatures1.Priority2" name="C" time="0.066"/>
  <testcase classname="TestNgFeatures1.Priority2" name="A" time="0.075"/>
</testsuite> <!-- TestNgFeatures1.Priority2 -->
