<?xml version="1.0" encoding="UTF-8"?>
<!-- Generated by org.testng.reporters.JUnitReportReporter -->
<testsuite hostname="ArundhatiSude" failures="0" tests="5" name="TestNgFeatures1.InnovationCount" time="0.027" errors="0" timestamp="2023-07-24T13:07:59 IST" skipped="0">
  <testcase classname="TestNgFeatures1.InnovationCount" name="m2" time="0.003"/>
  <testcase classname="TestNgFeatures1.InnovationCount" name="m2" time="0.012"/>
  <testcase classname="TestNgFeatures1.InnovationCount" name="m2" time="0.004"/>
  <testcase classname="TestNgFeatures1.InnovationCount" name="m2" time="0.003"/>
  <testcase classname="TestNgFeatures1.InnovationCount" name="m2" time="0.005"/>
</testsuite> <!-- TestNgFeatures1.InnovationCount -->
