<?xml version="1.0" encoding="UTF-8"?>
<!-- Generated by org.testng.reporters.JUnitReportReporter -->
<testsuite hostname="ArundhatiSude" failures="0" tests="2" name="TestingFeatures.Day33" time="0.024" errors="0" timestamp="2023-07-14T03:41:24 IST" skipped="0">
  <testcase classname="TestingFeatures.Day33" name="Test1" time="0.014"/>
  <testcase classname="TestingFeatures.Day33" name="Test4" time="0.010"/>
</testsuite> <!-- TestingFeatures.Day33 -->
