<?xml version="1.0" encoding="UTF-8"?>
<!-- Generated by org.testng.reporters.JUnitReportReporter -->
<testsuite hostname="ArundhatiSude" failures="0" tests="5" name="TestNgFeatures1.EnabeldXMLfile" time="1.267" errors="0" timestamp="2023-07-23T13:43:44 IST" skipped="0">
  <testcase classname="TestNgFeatures1.EnabeldXMLfile" name="Test3" time="0.008"/>
  <testcase classname="TestNgFeatures1.EnabeldXMLfile" name="Test2" time="0.012"/>
  <testcase classname="TestNgFeatures1.EnabeldXMLfile" name="B" time="0.054"/>
  <testcase classname="TestNgFeatures1.EnabeldXMLfile" name="Test1" time="0.011"/>
  <testcase classname="TestNgFeatures1.EnabeldXMLfile" name="A" time="1.182"/>
</testsuite> <!-- TestNgFeatures1.EnabeldXMLfile -->
