<?xml version="1.0" encoding="UTF-8"?>
<!-- Generated by org.testng.reporters.JUnitReportReporter -->
<testsuite hostname="ArundhatiSude" failures="0" tests="2" name="Assertions.SoftAssertion" time="0.017" errors="0" timestamp="2023-07-11T13:04:46 IST" skipped="0">
  <testcase classname="Assertions.SoftAssertion" name="Demo" time="0.015"/>
  <testcase classname="Assertions.SoftAssertion" name="DemoTest" time="0.002"/>
</testsuite> <!-- Assertions.SoftAssertion -->
