<?xml version="1.0" encoding="UTF-8"?>
<!-- Generated by org.testng.reporters.JUnitReportReporter -->
<testsuite hostname="ArundhatiSude" failures="0" tests="1" name="CrossBrowserTesting.CrossBrowser" time="26.990" errors="0" timestamp="2023-07-12T16:17:31 IST" skipped="0">
  <testcase classname="CrossBrowserTesting.CrossBrowser" name="OrangeHRM" time="26.990"/>
</testsuite> <!-- CrossBrowserTesting.CrossBrowser -->
