<?xml version="1.0" encoding="UTF-8"?>
<!-- Generated by org.testng.reporters.JUnitReportReporter -->
<testsuite hostname="ArundhatiSude" failures="0" tests="1" name="Assertions.Assertions1" time="23.268" errors="0" timestamp="2023-07-14T02:44:23 IST" skipped="0">
  <testcase classname="Assertions.Assertions1" name="OrangeHRM" time="23.268"/>
</testsuite> <!-- Assertions.Assertions1 -->
