<?xml version="1.0" encoding="UTF-8"?>
<!-- Generated by org.testng.reporters.JUnitReportReporter -->
<testsuite hostname="ArundhatiSude" failures="0" tests="1" name="Project.Byjusvideo" time="12.838" errors="0" timestamp="2023-07-11T17:28:47 IST" skipped="0">
  <testcase classname="Project.Byjusvideo" name="login" time="12.838"/>
</testsuite> <!-- Project.Byjusvideo -->
