<?xml version="1.0" encoding="UTF-8"?>
<!-- Generated by org.testng.reporters.JUnitReportReporter -->
<testsuite hostname="ArundhatiSude" failures="0" tests="3" name="Annotations.Annotation" time="0.008" errors="0" timestamp="2023-07-13T18:45:46 IST" skipped="0">
  <testcase classname="Annotations.Annotation" name="GoogleTitle1" time="0.005"/>
  <testcase classname="Annotations.Annotation" name="googleTitle3" time="0.002"/>
  <testcase classname="Annotations.Annotation" name="GoogleTitle2" time="0.001"/>
</testsuite> <!-- Annotations.Annotation -->
