<?xml version="1.0" encoding="UTF-8"?>
<!-- Generated by org.testng.reporters.JUnitReportReporter -->
<testsuite hostname="ArundhatiSude" failures="0" tests="3" name="Annotation.Annotation" time="0.044" errors="0" timestamp="2023-07-18T12:22:49 IST" skipped="0">
  <testcase classname="Annotation.Annotation" name="googleTitle3" time="0.013"/>
  <testcase classname="Annotation.Annotation" name="GoogleTitle1" time="0.017"/>
  <testcase classname="Annotation.Annotation" name="GoogleTitle2" time="0.014"/>
</testsuite> <!-- Annotation.Annotation -->
