<?xml version="1.0" encoding="UTF-8"?>
<!-- Generated by org.testng.reporters.JUnitReportReporter -->
<testsuite hostname="ArundhatiSude" failures="0" tests="1" name="Parameterization.Sum3" time="0.002" errors="0" timestamp="2023-07-24T13:24:41 IST" skipped="0">
  <testcase classname="Parameterization.Sum3" name="sub" time="0.002"/>
</testsuite> <!-- Parameterization.Sum3 -->
