<?xml version="1.0" encoding="UTF-8"?>
<!-- Generated by org.testng.reporters.JUnitReportReporter -->
<testsuite hostname="ArundhatiSude" failures="0" tests="5" name="DataProvider.FirstProgram" time="46.511" errors="0" timestamp="2023-07-14T03:17:35 IST" skipped="0">
  <testcase classname="DataProvider.FirstProgram" name="LoginTest" time="9.672"/>
  <testcase classname="DataProvider.FirstProgram" name="LoginTest" time="9.420"/>
  <testcase classname="DataProvider.FirstProgram" name="LoginTest" time="9.321"/>
  <testcase classname="DataProvider.FirstProgram" name="LoginTest" time="8.807"/>
  <testcase classname="DataProvider.FirstProgram" name="LoginTest" time="9.291"/>
</testsuite> <!-- DataProvider.FirstProgram -->
