<?xml version="1.0" encoding="UTF-8"?>
<!-- Generated by org.testng.reporters.JUnitReportReporter -->
<testsuite hostname="ArundhatiSude" failures="0" tests="1" name="Parameterization.Sum1" time="0.009" errors="0" timestamp="2023-07-24T13:24:41 IST" skipped="0">
  <testcase classname="Parameterization.Sum1" name="add" time="0.009"/>
</testsuite> <!-- Parameterization.Sum1 -->
