<?xml version="1.0" encoding="UTF-8"?>
<!-- Generated by org.testng.reporters.JUnitReportReporter -->
<testsuite hostname="ArundhatiSude" failures="0" tests="2" name="TestingFeatures.KeyWord1" time="49.626" errors="0" timestamp="2023-07-07T16:38:12 IST" skipped="0">
  <testcase classname="TestingFeatures.KeyWord1" name="B" time="28.298"/>
  <testcase classname="TestingFeatures.KeyWord1" name="A" time="21.328"/>
</testsuite> <!-- TestingFeatures.KeyWord1 -->
