<?xml version="1.0" encoding="UTF-8"?>
<!-- Generated by org.testng.reporters.JUnitReportReporter -->
<testsuite hostname="ArundhatiSude" failures="0" tests="2" name="TestingFeatures.SoftAssertion" time="0.024" errors="0" timestamp="2023-07-09T10:52:10 IST" skipped="0">
  <testcase classname="TestingFeatures.SoftAssertion" name="Demo" time="0.021"/>
  <testcase classname="TestingFeatures.SoftAssertion" name="DemoTest" time="0.003"/>
</testsuite> <!-- TestingFeatures.SoftAssertion -->
