<?xml version="1.0" encoding="UTF-8"?>
<!-- Generated by org.testng.reporters.JUnitReportReporter -->
<testsuite hostname="ArundhatiSude" failures="0" tests="1" name="Facebook.Facebook1" time="4.338" errors="0" timestamp="2023-07-14T02:20:10 IST" skipped="0">
  <testcase classname="Facebook.Facebook1" name="Login" time="4.338"/>
</testsuite> <!-- Facebook.Facebook1 -->
