<?xml version="1.0" encoding="UTF-8"?>
<!-- Generated by org.testng.reporters.JUnitReportReporter -->
<testsuite hostname="ArundhatiSude" failures="0" tests="5" name="TestNgFeatures1.Enabled1" time="16.717" errors="0" timestamp="2023-07-23T13:30:36 IST" skipped="2">
  <testcase classname="TestNgFeatures1.Enabled1" name="B" time="6.704"/>
  <testcase classname="TestNgFeatures1.Enabled1" name="Test2" time="5.010"/>
  <testcase classname="TestNgFeatures1.Enabled1" name="Test3" time="5.003"/>
  <testcase classname="TestNgFeatures1.Enabled1" name="Test1">
    <skipped/>
  </testcase> <!-- Test1 -->
  <testcase classname="TestNgFeatures1.Enabled1" name="A">
    <skipped/>
  </testcase> <!-- A -->
</testsuite> <!-- TestNgFeatures1.Enabled1 -->
