<?xml version="1.0" encoding="UTF-8"?>
<!-- Generated by org.testng.reporters.JUnitReportReporter -->
<testsuite hostname="ArundhatiSude" failures="0" tests="1" name="TestNgFeatures1.expectedExceptions1" time="0.011" errors="0" timestamp="2023-07-24T13:04:51 IST" skipped="0">
  <testcase classname="TestNgFeatures1.expectedExceptions1" name="LoginTest" time="0.011"/>
</testsuite> <!-- TestNgFeatures1.expectedExceptions1 -->
