<?xml version="1.0" encoding="UTF-8"?>
<!-- Generated by org.testng.reporters.JUnitReportReporter -->
<testsuite hostname="ArundhatiSude" failures="0" tests="3" name="TestingFeatures.Day22" time="0.018" errors="0" timestamp="2023-07-14T03:37:05 IST" skipped="0">
  <testcase classname="TestingFeatures.Day22" name="Test2" time="0.005"/>
  <testcase classname="TestingFeatures.Day22" name="Test1" time="0.010"/>
  <testcase classname="TestingFeatures.Day22" name="Test3" time="0.003"/>
</testsuite> <!-- TestingFeatures.Day22 -->
