<?xml version="1.0" encoding="UTF-8"?>
<!-- Generated by org.testng.reporters.JUnitReportReporter -->
<testsuite hostname="ArundhatiSude" failures="0" tests="1" name="TestingFeatures.expectedConditions1" time="0.009" errors="0" timestamp="2023-07-07T16:54:14 IST" skipped="0">
  <testcase classname="TestingFeatures.expectedConditions1" name="LoginTest" time="0.009"/>
</testsuite> <!-- TestingFeatures.expectedConditions1 -->
